Arguments: 
  C:\Program Files\nodejs\node.exe C:\Program Files\nodejs\node_modules\yarn\bin\yarn.js

PATH: 
  C:\Users\mubas\bin;C:\Program Files\Git\mingw64\bin;C:\Program Files\Git\usr\local\bin;C:\Program Files\Git\usr\bin;C:\Program Files\Git\usr\bin;C:\Program Files\Git\mingw64\bin;C:\Program Files\Git\usr\bin;C:\Users\mubas\bin;C:\Program Files\Common Files\Oracle\Java\javapath;C:\Program Files\Java\jdk-17.0.5\bin;C:\Windows\system32;C:\Windows;C:\Windows\System32\Wbem;C:\Windows\System32\WindowsPowerShell\v1.0;C:\Windows\System32\OpenSSH;C:\Program Files\Docker\Docker\resources\bin;C:\ProgramData\DockerDesktop\version-bin;C:\Program Files\Git\cmd;C:\Program Files\MySQL\MySQL Server 8.0\bin;C:\Program Files\kubctl;C:\minikube;C:\ProgramData\chocolatey\bin;C:\Program Files\dotnet;C:\Users\mubas\AppData\Roaming\nvm;C:\Program Files\nodejs;C:\WINDOWS\system32;C:\WINDOWS;C:\WINDOWS\System32\Wbem;C:\WINDOWS\System32\WindowsPowerShell\v1.0;C:\WINDOWS\System32\OpenSSH;C:\Users\mubas\AppData\Local\Programs\Python\Python311\Scripts;C:\Users\mubas\AppData\Local\Programs\Python\Python311;C:\Program Files\MySQL\MySQL Shell 8.0\bin;C:\Users\mubas\AppData\Local\Microsoft\WindowsApps;C:\Users\mubas\AppData\Local\Programs\Microsoft VS Code\bin;C:\Users\mubas\.dotnet\tools;C:\Users\mubas\AppData\Roaming\nvm;C:\Program Files\nodejs;C:\Program Files\Git\usr\bin\vendor_perl;C:\Program Files\Git\usr\bin\core_perl

Yarn version: 
  1.22.19

Node version: 
  18.15.0

Platform: 
  win32 x64

Trace: 
  Error: EPERM: operation not permitted, unlink 'C:\Users\mubas\Desktop\chainscore\contract\synthex\contracts1\contracts\node_modules\keccak\prebuilds\win32-x64\node.napi.node'

npm manifest: 
  {
    "name": "hardhat-project",
    "scripts": {
      "compile": "hardhat compile",
      "test": "hardhat test",
      "test:fork": "hardhat --config hardhat-fork.config.ts test --network hardhat",
      "test:fork:custom": "hardhat --config hardhat-fork.config.ts test test/aave/wrap.test.ts --network hardhat",
      "console": "hardhat console",
      "create:node": "hardhat node",
      "deploy": "hardhat run scripts",
      "deploy:zksync:local": "PRIVATE_KEY=7726827caac94a7f9e1b160f7ea819f172f7b6f9d2a97f992c38edeab82d4110 hardhat --config hardhat-zksync-local.config.ts deploy-zksync --script main.ts",
  
      "deploy:fork": "hardhat --config hardhat-fork.config.ts run scripts --network hardhat",
      "deploy:testnet": "hardhat run scripts --network arbitrumGoerli",
      "deploy:mainnet": "hardhat run scripts --network arbitrum",
      "slither": "slither ./contracts --checklist docs/SECURITY.md"
    },
    "devDependencies": {
      "@matterlabs/hardhat-zksync-deploy": "^0.6.3",
      "@matterlabs/hardhat-zksync-solc": "^0.3.16",
      "@matterlabs/hardhat-zksync-verify": "^0.1.5",
      "@nomicfoundation/hardhat-toolbox": "^2.0.2",
      "@nomiclabs/hardhat-ethers": "^2.2.2",
      "@nomiclabs/hardhat-etherscan": "^3.1.7",
      "@openzeppelin/hardhat-defender": "^1.8.1",
      "@openzeppelin/hardhat-upgrades": "^1.22.0",
      "@types/chai": "^4.3.3",
      "@types/jest": "^29.2.4",
      "dotenv": "^16.0.3",
      "ethers": "^5.7.2",
      "hardhat": "^2.12.0",
      "hardhat-gas-reporter": "^1.0.9",
      "hardhat-openzeppelin-defender": "^1.2.5",
      "ts-node": "^10.9.1",
      "typescript": "^4.9.3",
      "zksync-web3": "^0.14.3"
    },
    "dependencies": {
      "@aave/core-v3": "^1.17.1",
      "@nomicfoundation/hardhat-chai-matchers": "^1.0.5",
      "@nomicfoundation/hardhat-network-helpers": "^1.0.7",
      "@openzeppelin/contracts": "^4.7.3",
      "@openzeppelin/contracts-upgradeable": "^4.8.0",
      "@typechain/ethers-v5": "^10.2.0",
      "@typechain/hardhat": "^6.1.5",
      "chai": "^4.3.6",
      "hardhat-openzeppelin-defender": "^1.2.5",
      "solidity-coverage": "^0.8.2",
      "solidity-docgen": "^0.6.0-beta.34",
      "typechain": "^8.1.1",
      "web3": "^1.8.0"
    }
  }

yarn manifest: 
  No manifest

Lockfile: 
  No lockfile
